<?xml version="1.0" encoding="UTF-8"?>
<!-- Generated by org.testng.reporters.JUnitReportReporter -->
<testsuite hostname="DESKTOP-N6AT8NJ" failures="0" tests="1" name="runners.TestRunner" time="47.386" errors="0" timestamp="2025-06-12T13:21:17 IST" skipped="0">
  <testcase classname="runners.TestRunner" name="runScenario" time="47.386"/>
</testsuite> <!-- runners.TestRunner -->
