<?xml version="1.0" encoding="UTF-8"?>
<!-- Generated by org.testng.reporters.JUnitReportReporter -->
<testsuite hostname="DESKTOP-N6AT8NJ" failures="0" tests="1" name="runners.TestRunner" time="19.734" errors="0" timestamp="2025-06-12T00:47:38 IST" skipped="0">
  <testcase classname="runners.TestRunner" name="runScenario" time="19.734"/>
</testsuite> <!-- runners.TestRunner -->
